\BOOKMARK [0][-]{chapter*.6}{Slovn\355k}{}% 1
\BOOKMARK [0][-]{chapter*.8}{Seznam zkratek pou\236it\375ch v textu}{}% 2
\BOOKMARK [0][-]{chapter.1}{Zad\341n\355 a vlastn\355 c\355le n\341vrhu}{}% 3
\BOOKMARK [1][-]{section.1.1}{Zad\341n\355}{chapter.1}% 4
\BOOKMARK [1][-]{section.1.2}{Vlastn\355 c\355le n\341vrhu}{chapter.1}% 5
\BOOKMARK [0][-]{chapter.2}{Princip reflektometrie}{}% 6
\BOOKMARK [0][-]{chapter.3}{Budic\355 sign\341l}{}% 7
\BOOKMARK [1][-]{section.3.1}{Z\341kladn\355 po\236adavky na vlastnosti budic\355ho sign\341lu}{chapter.3}% 8
\BOOKMARK [1][-]{section.3.2}{V\375ber budic\355ho sign\341lu a mo\236nosti jeho synt\351zy}{chapter.3}% 9
\BOOKMARK [1][-]{section.3.3}{Zvolen\375 budic\355 sign\341l a obvodov\351 re\235en\355}{chapter.3}% 10
\BOOKMARK [0][-]{chapter.4}{Vzorkov\341n\355 odra\236en\351ho sign\341lu}{}% 11
\BOOKMARK [1][-]{section.4.1}{Obvodov\351 re\235en\355 vzorkovace}{chapter.4}% 12
\BOOKMARK [0][-]{chapter.5}{Separace budic\355ho a odra\236en\351ho sign\341lu}{}% 13
\BOOKMARK [0][-]{chapter.6}{Roz\235\355ren\355 dynamick\351ho rozsahu, potlacov\341n\355 \235umu a ru\235en\355}{}% 14
\BOOKMARK [0][-]{chapter.7}{Navr\236en\351 blokov\351 zapojen\355 reflektometru}{}% 15
\BOOKMARK [0][-]{chapter.8}{Princip zapojen\355}{}% 16
\BOOKMARK [1][-]{section.8.1}{Z\341kladn\355 princip zapojen\355}{chapter.8}% 17
\BOOKMARK [1][-]{section.8.2}{Blokov\351 zapojen\355}{chapter.8}% 18
\BOOKMARK [1][-]{section.8.3}{Generov\341n\355 potrebn\375ch hodinov\375ch sign\341lu}{chapter.8}% 19
\BOOKMARK [1][-]{section.8.4}{Tvorba budic\355ho pulzu}{chapter.8}% 20
\BOOKMARK [1][-]{section.8.5}{Prizpusobovac\355 obvody a testovac\355 port}{chapter.8}% 21
\BOOKMARK [1][-]{section.8.6}{Vzorkovac\355 obvody a oddelovac\355 zesilovac}{chapter.8}% 22
\BOOKMARK [1][-]{section.8.7}{Logaritmick\375 detektor}{chapter.8}% 23
\BOOKMARK [1][-]{section.8.8}{Digitalizace meren\351ho prubehu}{chapter.8}% 24
\BOOKMARK [1][-]{section.8.9}{Komunikace s poc\355tacem}{chapter.8}% 25
\BOOKMARK [1][-]{section.8.10}{Navr\236en\341 deska plo\235n\375ch spoju}{chapter.8}% 26
\BOOKMARK [0][-]{chapter.9}{Popis firmware}{}% 27
\BOOKMARK [1][-]{section.9.1}{Technick\351 parametry firmware}{chapter.9}% 28
\BOOKMARK [1][-]{section.9.2}{Autokalibrace a autodiagnostika zar\355zen\355}{chapter.9}% 29
\BOOKMARK [2][-]{subsection.9.2.1}{Detekce stability f\341zov\351ho z\341vesu}{section.9.2}% 30
\BOOKMARK [2][-]{subsection.9.2.2}{Autokalibrace stejnosmern\351 slo\236ky}{section.9.2}% 31
\BOOKMARK [2][-]{subsection.9.2.3}{Kalibrace napetov\375ch \372rovn\355}{section.9.2}% 32
\BOOKMARK [2][-]{subsection.9.2.4}{Odhad \235umov\351 \372rovne a prumerov\341n\355}{section.9.2}% 33
\BOOKMARK [2][-]{subsection.9.2.5}{Autokalibrace polohy budic\355ho pulzu}{section.9.2}% 34
\BOOKMARK [2][-]{subsection.9.2.6}{Kalibrace polohy roviny meren\355}{section.9.2}% 35
\BOOKMARK [1][-]{section.9.3}{Postup ovl\341d\341n\355 firmware}{chapter.9}% 36
\BOOKMARK [0][-]{chapter.10}{Popis software}{}% 37
\BOOKMARK [1][-]{section.10.1}{Ovl\341d\341n\355 software}{chapter.10}% 38
\BOOKMARK [0][-]{chapter.11}{Kalibrace}{}% 39
\BOOKMARK [1][-]{section.11.1}{Autokalibrace \372rovn\355}{chapter.11}% 40
\BOOKMARK [1][-]{section.11.2}{Z\341kladn\355 kalibrace pomoc\355 standardu \214open\215}{chapter.11}% 41
\BOOKMARK [1][-]{section.11.3}{Kalibrace typu OSL}{chapter.11}% 42
\BOOKMARK [2][-]{subsection.11.3.1}{Chybov\375 model}{section.11.3}% 43
\BOOKMARK [0][-]{chapter.12}{Detekce z\341vad}{}% 44
\BOOKMARK [1][-]{section.12.1}{Princip hled\341n\355 z\341vad}{chapter.12}% 45
\BOOKMARK [1][-]{section.12.2}{Z\341kladn\355 typy z\341vad}{chapter.12}% 46
\BOOKMARK [1][-]{section.12.3}{Slo\236en\351 z\341vady}{chapter.12}% 47
\BOOKMARK [0][-]{chapter.13}{Zmeren\351 parametry}{}% 48
\BOOKMARK [1][-]{section.13.1}{Prubeh budic\355ho pulzu}{chapter.13}% 49
\BOOKMARK [1][-]{section.13.2}{Parametry f\341zov\351ho z\341vesu}{chapter.13}% 50
\BOOKMARK [1][-]{section.13.3}{TDR meren\355 vstupn\355 impedance reflektometru}{chapter.13}% 51
\BOOKMARK [1][-]{section.13.4}{Meren\355 vstupn\355 impedance reflektometru pomoc\355 VNA}{chapter.13}% 52
\BOOKMARK [1][-]{section.13.5}{Meren\355 parametru pou\236it\351ho substr\341tu}{chapter.13}% 53
\BOOKMARK [1][-]{section.13.6}{Parametry zmeren\375ch dat}{chapter.13}% 54
\BOOKMARK [0][-]{chapter.14}{Z\341ver}{}% 55
\BOOKMARK [0][-]{appendix.A}{Literatura}{}% 56
